\BOOKMARK [0][-]{chapter.1}{\376\377\000I\000n\000t\000r\000o\000d\000u\000c\000t\000i\000o\000n}{}% 1
\BOOKMARK [1][-]{section.1.1}{\376\377\000W\000h\000y\000\040\000H\000a\000s\000k\000e\000l\000l\000\040\000i\000s\000\040\000D\000i\000f\000f\000e\000r\000e\000n\000t}{chapter.1}% 2
\BOOKMARK [1][-]{section.1.2}{\376\377\000A\000\040\000F\000i\000r\000s\000t\000\040\000T\000a\000s\000t\000e\000\040\000o\000f\000\040\000H\000a\000s\000k\000e\000l\000l}{chapter.1}% 3
\BOOKMARK [0][-]{chapter.2}{\376\377\000T\000y\000p\000e\000s\000,\000\040\000E\000x\000p\000r\000e\000s\000s\000i\000o\000n\000s\000,\000\040\000a\000n\000d\000\040\000F\000u\000n\000c\000t\000i\000o\000n\000s}{}% 4
\BOOKMARK [1][-]{section.2.1}{\376\377\000P\000r\000i\000m\000i\000t\000i\000v\000e\000\040\000T\000y\000p\000e\000s}{chapter.2}% 5
\BOOKMARK [1][-]{section.2.2}{\376\377\000C\000o\000m\000p\000o\000s\000i\000t\000e\000\040\000T\000y\000p\000e\000s\000:\000\040\000L\000i\000s\000t\000s\000\040\000a\000n\000d\000\040\000T\000u\000p\000l\000e\000s}{chapter.2}% 6
\BOOKMARK [2][-]{subsection.2.2.1}{\376\377\000L\000i\000s\000t\000s}{section.2.2}% 7
\BOOKMARK [2][-]{subsection.2.2.2}{\376\377\000T\000u\000p\000l\000e\000s}{section.2.2}% 8
\BOOKMARK [1][-]{section.2.3}{\376\377\000H\000a\000s\000k\000e\000l\000l\000\040\000E\000x\000p\000r\000e\000s\000s\000i\000o\000n\000s\000\040\000a\000n\000d\000\040\000O\000p\000e\000r\000a\000t\000o\000r\000s}{chapter.2}% 9
\BOOKMARK [1][-]{section.2.4}{\376\377\000D\000e\000f\000i\000n\000i\000n\000g\000\040\000F\000u\000n\000c\000t\000i\000o\000n\000s\000\040\000i\000n\000\040\000H\000a\000s\000k\000e\000l\000l}{chapter.2}% 10
\BOOKMARK [2][-]{subsection.2.4.1}{\376\377\000I\000n\000t\000r\000o\000d\000u\000c\000t\000i\000o\000n\000\040\000t\000o\000\040\000F\000u\000n\000c\000t\000i\000o\000n\000\040\000D\000e\000f\000i\000n\000i\000t\000i\000o\000n\000s}{section.2.4}% 11
\BOOKMARK [2][-]{subsection.2.4.2}{\376\377\000B\000a\000s\000i\000c\000\040\000F\000u\000n\000c\000t\000i\000o\000n\000\040\000S\000y\000n\000t\000a\000x}{section.2.4}% 12
\BOOKMARK [2][-]{subsection.2.4.3}{\376\377\000P\000a\000t\000t\000e\000r\000n\000\040\000M\000a\000t\000c\000h\000i\000n\000g\000\040\000i\000n\000\040\000F\000u\000n\000c\000t\000i\000o\000n\000\040\000D\000e\000f\000i\000n\000i\000t\000i\000o\000n\000s}{section.2.4}% 13
\BOOKMARK [2][-]{subsection.2.4.4}{\376\377\000G\000u\000a\000r\000d\000s\000\040\000a\000n\000d\000\040\000C\000o\000n\000d\000i\000t\000i\000o\000n\000a\000l\000\040\000F\000u\000n\000c\000t\000i\000o\000n\000\040\000D\000e\000f\000i\000n\000i\000t\000i\000o\000n\000s}{section.2.4}% 14
\BOOKMARK [2][-]{subsection.2.4.5}{\376\377\000C\000a\000s\000e\000\040\000E\000x\000p\000r\000e\000s\000s\000i\000o\000n\000s}{section.2.4}% 15
\BOOKMARK [2][-]{subsection.2.4.6}{\376\377\000T\000h\000e\000\040\000U\000s\000e\000\040\000o\000f\000\040\000w\000h\000e\000r\000e\000\040\000a\000n\000d\000\040\000l\000e\000t\000\040\000C\000l\000a\000u\000s\000e\000s}{section.2.4}% 16
\BOOKMARK [2][-]{subsection.2.4.7}{\376\377\000C\000u\000r\000r\000y\000i\000n\000g\000\040\000a\000n\000d\000\040\000P\000a\000r\000t\000i\000a\000l\000\040\000A\000p\000p\000l\000i\000c\000a\000t\000i\000o\000n}{section.2.4}% 17
\BOOKMARK [2][-]{subsection.2.4.8}{\376\377\000L\000a\000m\000b\000d\000a\000\040\000E\000x\000p\000r\000e\000s\000s\000i\000o\000n\000s}{section.2.4}% 18
\BOOKMARK [2][-]{subsection.2.4.9}{\376\377\000H\000i\000g\000h\000e\000r\000-\000O\000r\000d\000e\000r\000\040\000F\000u\000n\000c\000t\000i\000o\000n\000s}{section.2.4}% 19
\BOOKMARK [2][-]{subsection.2.4.10}{\376\377\000R\000e\000c\000u\000r\000s\000i\000v\000e\000\040\000F\000u\000n\000c\000t\000i\000o\000n\000\040\000D\000e\000f\000i\000n\000i\000t\000i\000o\000n\000s}{section.2.4}% 20
\BOOKMARK [2][-]{subsection.2.4.11}{\376\377\000P\000o\000l\000y\000m\000o\000r\000p\000h\000i\000s\000m\000\040\000a\000n\000d\000\040\000O\000v\000e\000r\000l\000o\000a\000d\000e\000d\000\040\000F\000u\000n\000c\000t\000i\000o\000n\000s}{section.2.4}% 21
\BOOKMARK [2][-]{subsection.2.4.12}{\376\377\000T\000h\000e\000\040\000F\000u\000n\000c\000t\000i\000o\000n\000\040\000C\000o\000m\000p\000o\000s\000i\000t\000i\000o\000n\000\040\000O\000p\000e\000r\000a\000t\000o\000r\000\040\000\050\000.\000\051}{section.2.4}% 22
\BOOKMARK [2][-]{subsection.2.4.13}{\376\377\000P\000o\000i\000n\000t\000\040\000F\000r\000e\000e\000\040\000S\000t\000y\000l\000e}{section.2.4}% 23
\BOOKMARK [2][-]{subsection.2.4.14}{\376\377\000L\000i\000s\000t\000\040\000C\000o\000m\000p\000r\000e\000h\000e\000n\000s\000i\000o\000n\000s\000\040\000i\000n\000\040\000H\000a\000s\000k\000e\000l\000l}{section.2.4}% 24
\BOOKMARK [2][-]{subsection.2.4.15}{\376\377\000H\000a\000s\000k\000e\000l\000l\000\040\000S\000e\000c\000t\000i\000o\000n\000s}{section.2.4}% 25
\BOOKMARK [1][-]{section.2.5}{\376\377\000A\000l\000g\000e\000b\000r\000a\000i\000c\000\040\000D\000a\000t\000a\000\040\000T\000y\000p\000e\000s\000\040\000i\000n\000\040\000H\000a\000s\000k\000e\000l\000l}{chapter.2}% 26
\BOOKMARK [2][-]{subsection.2.5.1}{\376\377\000D\000e\000f\000i\000n\000i\000n\000g\000\040\000A\000l\000g\000e\000b\000r\000a\000i\000c\000\040\000D\000a\000t\000a\000\040\000T\000y\000p\000e\000s}{section.2.5}% 27
\BOOKMARK [2][-]{subsection.2.5.2}{\376\377\000E\000x\000a\000m\000p\000l\000e\000:\000\040\000D\000e\000f\000i\000n\000i\000n\000g\000\040\000a\000\040\000S\000i\000m\000p\000l\000e\000\040\000A\000d\000t}{section.2.5}% 28
\BOOKMARK [2][-]{subsection.2.5.3}{\376\377\000S\000u\000m\000\040\000T\000y\000p\000e\000s\000\040\000\050\000D\000i\000s\000j\000o\000i\000n\000t\000\040\000U\000n\000i\000o\000n\000s\000\051}{section.2.5}% 29
\BOOKMARK [2][-]{subsection.2.5.4}{\376\377\000P\000r\000o\000d\000u\000c\000t\000\040\000T\000y\000p\000e\000s}{section.2.5}% 30
\BOOKMARK [2][-]{subsection.2.5.5}{\376\377\000P\000a\000t\000t\000e\000r\000n\000\040\000M\000a\000t\000c\000h\000i\000n\000g\000\040\000w\000i\000t\000h\000\040\000A\000D\000T\000s}{section.2.5}% 31
\BOOKMARK [2][-]{subsection.2.5.6}{\376\377\000R\000e\000c\000u\000r\000s\000i\000v\000e\000\040\000D\000a\000t\000a\000\040\000T\000y\000p\000e\000s}{section.2.5}% 32
\BOOKMARK [1][-]{section.2.6}{\376\377\000T\000y\000p\000e\000\040\000C\000l\000a\000s\000s\000e\000s\000\040\000i\000n\000\040\000H\000a\000s\000k\000e\000l\000l}{chapter.2}% 33
\BOOKMARK [2][-]{subsection.2.6.1}{\376\377\000T\000h\000e\000\040\000E\000q\000\040\000T\000y\000p\000e\000\040\000C\000l\000a\000s\000s}{section.2.6}% 34
\BOOKMARK [2][-]{subsection.2.6.2}{\376\377\000T\000h\000e\000\040\000O\000r\000d\000\040\000T\000y\000p\000e\000\040\000C\000l\000a\000s\000s}{section.2.6}% 35
\BOOKMARK [2][-]{subsection.2.6.3}{\376\377\000C\000u\000s\000t\000o\000m\000\040\000I\000n\000s\000t\000a\000n\000c\000e\000s\000\040\000o\000f\000\040\000O\000r\000d}{section.2.6}% 36
\BOOKMARK [0][-]{chapter.3}{\376\377\000E\000x\000a\000m\000p\000l\000e\000\040\000P\000r\000o\000g\000r\000a\000m\000s}{}% 37
\BOOKMARK [1][-]{section.3.1}{\376\377\000P\000e\000r\000f\000e\000c\000t\000\040\000N\000u\000m\000b\000e\000r\000s}{chapter.3}% 38
\BOOKMARK [1][-]{section.3.2}{\376\377\000C\000o\000m\000p\000u\000t\000i\000n\000g\000\040\000W\000o\000r\000d\000\040\000F\000r\000e\000q\000u\000e\000n\000c\000i\000e\000s}{chapter.3}% 39
\BOOKMARK [1][-]{section.3.3}{\376\377\000T\000h\000e\000\040\000W\000o\000l\000f\000,\000\040\000t\000h\000e\000\040\000G\000o\000a\000t\000,\000\040\000a\000n\000d\000\040\000t\000h\000e\000\040\000C\000a\000b\000b\000a\000g\000e}{chapter.3}% 40
\BOOKMARK [1][-]{section.3.4}{\376\377\000S\000y\000m\000b\000o\000l\000i\000c\000\040\000D\000i\000f\000f\000e\000r\000e\000n\000t\000i\000a\000t\000i\000o\000n}{chapter.3}% 41
